<?xml version="1.0" encoding="UTF-8"?>
<testng-results skipped="0" failed="0" total="1" passed="1">
  <reporter-output>
  </reporter-output>
  <suite name="Command line suite" duration-ms="17" started-at="2022-03-30T08:14:39Z" finished-at="2022-03-30T08:14:39Z">
    <groups>
    </groups>
    <test name="Command line test" duration-ms="17" started-at="2022-03-30T08:14:39Z" finished-at="2022-03-30T08:14:39Z">
      <class name="DemoProject.SeleniumPractice.AppTest">
        <test-method status="PASS" signature="testApp()[pri:0, instance:testApp(DemoProject.SeleniumPractice.AppTest)]" name="testApp" duration-ms="3" started-at="2022-03-30T13:44:39Z" finished-at="2022-03-30T13:44:39Z">
          <reporter-output>
          </reporter-output>
        </test-method> <!-- testApp -->
      </class> <!-- DemoProject.SeleniumPractice.AppTest -->
    </test> <!-- Command line test -->
  </suite> <!-- Command line suite -->
</testng-results>
