<?xml version="1.0" encoding="UTF-8"?>
<!-- Generated by org.testng.reporters.JUnitXMLReporter -->
<testsuite ignored="0" hostname="Mayank" failures="0" tests="4" name="Default test" time="0.978" errors="0" timestamp="21 Mar 2025 19:51:55 GMT">
  <testcase classname="selenium_Read_JDBC_ExternalFiles.JDBC_FeedMySqlDataToTestCase" name="test" time="0.032"/>
  <testcase classname="selenium_Read_JDBC_ExternalFiles.JDBC_FeedMySqlDataToTestCase" name="test" time="0.005"/>
  <testcase classname="selenium_Read_JDBC_ExternalFiles.JDBC_FeedMySqlDataToTestCase" name="test" time="0.003"/>
  <testcase classname="selenium_Read_JDBC_ExternalFiles.JDBC_FeedMySqlDataToTestCase" name="test" time="0.002"/>
</testsuite> <!-- Default test -->
