<?xml version="1.0" encoding="UTF-8"?>
<!-- Generated by org.testng.reporters.JUnitXMLReporter -->
<testsuite ignored="0" hostname="Mayank" failures="1" tests="3" name="Application test" time="0.048" errors="0" timestamp="24 Oct 2024 12:50:27 GMT">
  <testcase classname="Testng_testclasses.Testng_ReportsAndLogs" name="testMethod2" time="0.011">
    <failure type="java.lang.AssertionError" message="expected [true] but found [false]">
      <![CDATA[java.lang.AssertionError: expected [true] but found [false]
	at Testng_testclasses.Testng_ReportsAndLogs.testMethod2(Testng_ReportsAndLogs.java:47)
... Removed 27 stack frames]]>
    </failure>
  </testcase> <!-- testMethod2 -->
  <testcase classname="Testng_testclasses.Testng_ReportsAndLogs" name="testMethod1" time="0.005"/>
  <testcase classname="Testng_testclasses.Testng_ReportsAndLogs" name="testMethod3" time="0.0">
    <skipped/>
  </testcase> <!-- testMethod3 -->
</testsuite> <!-- Application test -->
