<?xml version="1.0" encoding="UTF-8"?>
<!-- Generated by org.testng.reporters.JUnitXMLReporter -->
<testsuite ignored="0" hostname="Mayank" failures="0" tests="4" name="Application test" time="0.069" errors="0" timestamp="22 Oct 2024 16:33:57 GMT">
  <testcase classname="Testng_testclass.Testng_BeforeClass_MethodAnnotation_1" name="testMethod1" time="0.014"/>
  <testcase classname="Testng_testclass.Testng_BeforeClass_MethodAnnotation_1" name="testMethod2" time="0.002"/>
  <testcase classname="Testng_testclass.Testng_BeforeClass_MethodAnnotation_2" name="testMethod1" time="0.002"/>
  <testcase classname="Testng_testclass.Testng_BeforeClass_MethodAnnotation_2" name="testMethod2" time="0.001"/>
</testsuite> <!-- Application test -->
