<?xml version="1.0" encoding="UTF-8"?>
<!-- Generated by org.testng.reporters.JUnitXMLReporter -->
<testsuite ignored="0" hostname="Mayank" failures="0" tests="2" name="Application test-1" time="0.04" errors="0" timestamp="23 Oct 2024 06:45:53 GMT">
  <testcase classname="Testng_regressionSuite.Testng_BeforeClass_MethodAnnotation_1" name="testMethod1" time="0.01"/>
  <testcase classname="Testng_regressionSuite.Testng_BeforeClass_MethodAnnotation_1" name="testMethod2" time="0.003"/>
</testsuite> <!-- Application test-1 -->
