<?xml version="1.0" encoding="UTF-8"?>
<!-- Generated by org.testng.reporters.JUnitXMLReporter -->
<testsuite ignored="0" hostname="Mayank" failures="0" tests="4" name="Application test" time="0.046" errors="0" timestamp="19 Dec 2024 20:22:30 GMT">
  <testcase classname="Testng_testclasses.Testng_BeforeClass_MethodAnnotation_1" name="testMethod1" time="0.007"/>
  <testcase classname="Testng_testclasses.Testng_BeforeClass_MethodAnnotation_1" name="testMethod2" time="0.002"/>
  <testcase classname="Testng_testclasses.Testng_BeforeClass_MethodAnnotation_2" name="testMethod1" time="0.002"/>
  <testcase classname="Testng_testclasses.Testng_BeforeClass_MethodAnnotation_2" name="testMethod2" time="0.001"/>
</testsuite> <!-- Application test -->
