<?xml version="1.0" encoding="UTF-8"?>
<!-- Generated by org.testng.reporters.JUnitXMLReporter -->
<testsuite ignored="4" hostname="Mayank" failures="0" tests="4" name="Application test" time="0.066" errors="0" timestamp="10 Dec 2024 10:42:03 GMT">
  <testcase classname="Testng_regressionSuite.Testng_BeforeClass_MethodAnnotation_1" name="testMethod1" time="0.011"/>
  <testcase classname="Testng_regressionSuite.Testng_BeforeClass_MethodAnnotation_1" name="testMethod2" time="0.005"/>
  <testcase classname="Testng_regressionSuite.Testng_BeforeClass_MethodAnnotation_2" name="testMethod1" time="0.007"/>
  <testcase classname="Testng_regressionSuite.Testng_BeforeClass_MethodAnnotation_2" name="testMethod2" time="0.001"/>
  <testcase classname="Testng_Base.BaseTestSuite" name="@BeforeSuite beforeSuite" time="0.0">
    <ignored/>
  </testcase> <!-- @BeforeSuite beforeSuite -->
  <testcase classname="Testng_Base.BaseTestSuite" name="@AfterTest afterTest" time="0.0">
    <ignored/>
  </testcase> <!-- @AfterTest afterTest -->
  <testcase classname="Testng_Base.BaseTestSuite" name="@BeforeTest beforeTest" time="0.0">
    <ignored/>
  </testcase> <!-- @BeforeTest beforeTest -->
  <testcase classname="Testng_Base.BaseTestSuite" name="@AfterSuite afterSuite" time="0.0">
    <ignored/>
  </testcase> <!-- @AfterSuite afterSuite -->
</testsuite> <!-- Application test -->
