<?xml version="1.0" encoding="UTF-8"?>
<!-- Generated by org.testng.reporters.JUnitXMLReporter -->
<testsuite ignored="2" hostname="Mayank" failures="0" tests="2" name="GroupsDemo" time="0.033" errors="0" timestamp="20 Dec 2024 12:23:06 GMT">
  <testcase classname="Testng_testclasses.Testng_Grouping" name="testAudi" time="0.007"/>
  <testcase classname="Testng_testclasses.Testng_Grouping" name="testBMW" time="0.001"/>
  <testcase classname="Testng_testclasses.Testng_Grouping" name="testPulser" time="0.0">
    <ignored/>
  </testcase> <!-- testPulser -->
  <testcase classname="Testng_testclasses.Testng_Grouping" name="testKTM" time="0.0">
    <ignored/>
  </testcase> <!-- testKTM -->
</testsuite> <!-- GroupsDemo -->
