<?xml version="1.0" encoding="UTF-8"?>
<!-- Generated by org.testng.reporters.JUnitXMLReporter -->
<testsuite ignored="2" hostname="Mayank" failures="0" tests="2" name="Group Demo" time="0.035" errors="0" timestamp="22 Oct 2024 20:56:04 GMT">
  <testcase classname="Testng_testclasses.Testng_Grouping" name="testKTM" time="0.01"/>
  <testcase classname="Testng_testclasses.Testng_Grouping" name="testPulser" time="0.001"/>
  <testcase classname="Testng_testclasses.Testng_Grouping" name="testBMW" time="0.0">
    <ignored/>
  </testcase> <!-- testBMW -->
  <testcase classname="Testng_testclasses.Testng_Grouping" name="testAudi" time="0.0">
    <ignored/>
  </testcase> <!-- testAudi -->
</testsuite> <!-- Group Demo -->
