<?xml version="1.0" encoding="UTF-8"?>
<testng-results ignored="0" total="1" passed="1" failed="0" skipped="0">
  <reporter-output>
  </reporter-output>
  <suite started-at="2024-11-15T14:54:35Z" name="Default suite" finished-at="2024-11-15T14:54:44Z" duration-ms="8258">
    <groups>
    </groups>
    <test started-at="2024-11-15T14:54:35Z" name="Default test" finished-at="2024-11-15T14:54:44Z" duration-ms="8258">
      <class name="seleniumConcepts.Actions_DragAndDrop_Slider">
        <test-method is-config="true" signature="beforeMethod()[pri:0, instance:seleniumConcepts.Actions_DragAndDrop_Slider@388526fb]" started-at="2024-11-15T20:24:35Z" name="beforeMethod" finished-at="2024-11-15T20:24:40Z" duration-ms="4374" status="PASS">
          <reporter-output>
          </reporter-output>
        </test-method> <!-- beforeMethod -->
        <test-method signature="test()[pri:0, instance:seleniumConcepts.Actions_DragAndDrop_Slider@388526fb]" started-at="2024-11-15T20:24:40Z" name="test" finished-at="2024-11-15T20:24:43Z" duration-ms="3627" status="PASS">
          <reporter-output>
          </reporter-output>
        </test-method> <!-- test -->
        <test-method is-config="true" signature="afterMethod()[pri:0, instance:seleniumConcepts.Actions_DragAndDrop_Slider@388526fb]" started-at="2024-11-15T20:24:43Z" name="afterMethod" finished-at="2024-11-15T20:24:44Z" duration-ms="210" status="PASS">
          <reporter-output>
          </reporter-output>
        </test-method> <!-- afterMethod -->
      </class> <!-- seleniumConcepts.Actions_DragAndDrop_Slider -->
    </test> <!-- Default test -->
  </suite> <!-- Default suite -->
</testng-results>
