<?xml version="1.0" encoding="UTF-8"?>
<!-- Generated by org.testng.reporters.JUnitXMLReporter -->
<testsuite ignored="0" hostname="Mayank" failures="1" tests="2" name="Application test" time="0.02" errors="0" timestamp="20 Dec 2024 18:13:57 GMT">
  <testcase classname="Testng_testclasses.Testng_ListenersTest1" name="testMethod1" time="0.005"/>
  <testcase classname="Testng_testclasses.Testng_ListenersTest1" name="testMethod2" time="0.001">
    <failure type="java.lang.AssertionError" message="expected [true] but found [false]">
      <![CDATA[java.lang.AssertionError: expected [true] but found [false]
	at Testng_testclasses.Testng_ListenersTest1.testMethod2(Testng_ListenersTest1.java:31)
... Removed 27 stack frames]]>
    </failure>
  </testcase> <!-- testMethod2 -->
</testsuite> <!-- Application test -->
